0 info it worked if it ends with ok
1 verbose cli [ 'c:\\Program Files\\nodejs\\node.exe',
1 verbose cli   'c:\\Program Files\\nodejs\\node_modules\\npm\\bin\\npm-cli.js',
1 verbose cli   'install',
1 verbose cli   'angular2-router-loader — save-dev' ]
2 info using npm@3.10.10
3 info using node@v7.2.1
4 silly loadCurrentTree Starting
5 silly install loadCurrentTree
6 silly install readLocalPackageData
7 silly fetchPackageMetaData angular2-router-loader — save-dev
8 silly fetchOtherPackageData angular2-router-loader — save-dev
9 silly cache add args [ 'angular2-router-loader — save-dev', null ]
10 verbose cache add spec angular2-router-loader — save-dev
11 silly cache add parsed spec Result {
11 silly cache add   raw: 'angular2-router-loader — save-dev',
11 silly cache add   scope: null,
11 silly cache add   escapedName: null,
11 silly cache add   name: null,
11 silly cache add   rawSpec: 'angular2-router-loader — save-dev',
11 silly cache add   spec: 'c:\\POP_APP\\PopApp.Web\\ClientApp\\angular2-router-loader — save-dev',
11 silly cache add   type: 'local' }
12 error addLocal Could not install c:\POP_APP\PopApp.Web\ClientApp\angular2-router-loader — save-dev
13 silly fetchPackageMetaData Error: ENOENT: no such file or directory, open 'c:\POP_APP\PopApp.Web\ClientApp\angular2-router-loader — save-dev'
13 silly fetchPackageMetaData  error for angular2-router-loader — save-dev { Error: ENOENT: no such file or directory, open 'c:\POP_APP\PopApp.Web\ClientApp\angular2-router-loader — save-dev'
13 silly fetchPackageMetaData   errno: -4058,
13 silly fetchPackageMetaData   code: 'ENOENT',
13 silly fetchPackageMetaData   syscall: 'open',
13 silly fetchPackageMetaData   path: 'c:\\POP_APP\\PopApp.Web\\ClientApp\\angular2-router-loader — save-dev' }
14 silly rollbackFailedOptional Starting
15 silly rollbackFailedOptional Finishing
16 silly runTopLevelLifecycles Finishing
17 silly install printInstalled
18 verbose stack Error: ENOENT: no such file or directory, open 'c:\POP_APP\PopApp.Web\ClientApp\angular2-router-loader — save-dev'
19 verbose cwd c:\POP_APP\PopApp.Web\ClientApp
20 error Windows_NT 10.0.14393
21 error argv "c:\\Program Files\\nodejs\\node.exe" "c:\\Program Files\\nodejs\\node_modules\\npm\\bin\\npm-cli.js" "install" "angular2-router-loader — save-dev"
22 error node v7.2.1
23 error npm  v3.10.10
24 error path c:\POP_APP\PopApp.Web\ClientApp\angular2-router-loader — save-dev
25 error code ENOENT
26 error errno -4058
27 error syscall open
28 error enoent ENOENT: no such file or directory, open 'c:\POP_APP\PopApp.Web\ClientApp\angular2-router-loader — save-dev'
29 error enoent ENOENT: no such file or directory, open 'c:\POP_APP\PopApp.Web\ClientApp\angular2-router-loader — save-dev'
29 error enoent This is most likely not a problem with npm itself
29 error enoent and is related to npm not being able to find a file.
30 verbose exit [ -4058, true ]
